2026-01-10 16:19:46 | INFO     | __main__:main:94 - ============================================================
2026-01-10 16:19:46 | INFO     | __main__:main:95 - Starting RAG Pipeline
2026-01-10 16:19:46 | INFO     | __main__:main:96 - ============================================================
2026-01-10 16:19:46 | INFO     | src.core.memory_optimizer:setup_ram_disk:88 - Using /tmp for fast cache storage: /tmp/arxiv_rag_ramdisk
2026-01-10 16:19:46 | INFO     | src.core.pipeline:__init__:62 - Memory optimization enabled. RAM disk: /tmp/arxiv_rag_ramdisk
2026-01-10 16:19:46 | INFO     | src.core.memory_optimizer:optimize_worker_memory:136 - Optimized embedding batch size: 1024 -> 256
2026-01-10 16:19:46 | INFO     | src.core.pipeline:__init__:70 - Memory stats: 37.5GB available (29.3% free)
2026-01-10 16:19:46 | INFO     | src.core.memory_optimizer:recommend_worker_count:202 - Memory-based worker recommendation: 12 workers
2026-01-10 16:19:46 | INFO     | src.core.memory_optimizer:recommend_worker_count:203 -   - Available RAM: 37.5GB
2026-01-10 16:19:46 | INFO     | src.core.memory_optimizer:recommend_worker_count:204 -   - Memory per worker: ~2.5GB
2026-01-10 16:19:46 | INFO     | src.core.memory_optimizer:recommend_worker_count:205 -   - CPU cores: 16
2026-01-10 16:19:46 | INFO     | src.core.pipeline:__init__:77 - ðŸ’¡ Memory-based recommendation: 12 workers (current: 24)
2026-01-10 16:19:46 | INFO     | src.core.pipeline:__init__:78 -    Consider updating num_workers in config.yaml if you want to use more RAM
2026-01-10 16:19:46 | INFO     | src.core.memory_optimizer:get_cache_directory:115 - Using /tmp cache: /tmp/arxiv_rag_cache
2026-01-10 16:19:49 | INFO     | src.processors.text_processor:__init__:652 - Loaded model for semantic chunking: sentence-transformers/all-MiniLM-L6-v2 on mps (requested: mps)
2026-01-10 16:19:49 | WARNING  | src.core.pipeline:__init__:194 - Advanced optimizer setup failed: No module named 'aiofiles'. Continuing without it.
2026-01-10 16:19:49 | INFO     | src.core.pipeline:__init__:196 - RAG Pipeline initialized
2026-01-10 16:19:49 | INFO     | __main__:main:128 - Limiting to 200 papers
2026-01-10 16:19:49 | INFO     | __main__:main:130 - Processing 200 papers
2026-01-10 16:19:49 | INFO     | src.core.pipeline:process_batch:617 - Checking 200 papers for already processed status...
2026-01-10 16:20:00 | ERROR    | __main__:main:165 - Pipeline failed: [Errno 32] Broken pipe
Traceback (most recent call last):

  File "/Volumes/8SSD/arxiv-rag/shunks/src/core/pipeline.py", line 1156, in process_batch
    pbar.update(1)
    â”‚    â”” <function tqdm.update at 0x10aa5c670>
    â”” <tqdm.std.tqdm object at 0x33912c1a0>

  File "/opt/homebrew/lib/python3.14/site-packages/tqdm/std.py", line 1242, in update
    self.refresh(lock_args=self.lock_args)
    â”‚    â”‚                 â”‚    â”” None
    â”‚    â”‚                 â”” <tqdm.std.tqdm object at 0x33912c1a0>
    â”‚    â”” <function tqdm.refresh at 0x10aa5c880>
    â”” <tqdm.std.tqdm object at 0x33912c1a0>
  File "/opt/homebrew/lib/python3.14/site-packages/tqdm/std.py", line 1347, in refresh
    self.display()
    â”‚    â”” <function tqdm.display at 0x10aa5ceb0>
    â”” <tqdm.std.tqdm object at 0x33912c1a0>
  File "/opt/homebrew/lib/python3.14/site-packages/tqdm/std.py", line 1495, in display
    self.sp(self.__str__() if msg is None else msg)
    â”‚    â”‚  â”‚    â”‚            â”‚                â”” None
    â”‚    â”‚  â”‚    â”‚            â”” None
    â”‚    â”‚  â”‚    â”” <function tqdm.__str__ at 0x10aa5c3b0>
    â”‚    â”‚  â”” <tqdm.std.tqdm object at 0x33912c1a0>
    â”‚    â”” <function tqdm.status_printer.<locals>.print_status at 0x339126fb0>
    â”” <tqdm.std.tqdm object at 0x33912c1a0>
  File "/opt/homebrew/lib/python3.14/site-packages/tqdm/std.py", line 459, in print_status
    fp_write('\r' + s + (' ' * max(last_len[0] - len_s, 0)))
    â”‚               â”‚              â”‚             â”” 66
    â”‚               â”‚              â”” [58]
    â”‚               â”” 'Processing papers:   0%|          | 1/200 [00:09<31:09,  9.39s/it]'
    â”” <function tqdm.status_printer.<locals>.fp_write at 0x3391266c0>
  File "/opt/homebrew/lib/python3.14/site-packages/tqdm/std.py", line 452, in fp_write
    fp.write(str(s))
    â”‚  â”‚         â”” '\rProcessing papers:   0%|          | 1/200 [00:09<31:09,  9.39s/it]'
    â”‚  â”” <function DisableOnWriteError.disable_on_exception.<locals>.inner at 0x3390a87d0>
    â”” <tqdm.utils.DisableOnWriteError object at 0x33912e120>
  File "/opt/homebrew/lib/python3.14/site-packages/tqdm/utils.py", line 196, in inner
    return func(*args, **kwargs)
           â”‚     â”‚       â”” {}
           â”‚     â”” ('\rProcessing papers:   0%|          | 1/200 [00:09<31:09,  9.39s/it]',)
           â”” <built-in method write of _io.TextIOWrapper object at 0x104e77e60>

BrokenPipeError: [Errno 32] Broken pipe


During handling of the above exception, another exception occurred:


Traceback (most recent call last):

  File "/Volumes/8SSD/arxiv-rag/shunks/run.py", line 170, in <module>
    main()
    â”” <function main at 0x10a923ab0>

> File "/Volumes/8SSD/arxiv-rag/shunks/run.py", line 133, in main
    results = pipeline.process_batch(
              â”‚        â”” <function RAGPipeline.process_batch at 0x3390428d0>
              â”” <src.core.pipeline.RAGPipeline object at 0x1095d0ad0>

  File "/Volumes/8SSD/arxiv-rag/shunks/src/core/pipeline.py", line 833, in process_batch
    with tqdm(total=len(paper_ids), desc="Processing papers") as pbar:
         â”‚              â”‚                                        â”” <tqdm.std.tqdm object at 0x33912c1a0>
         â”‚              â”” ['0704.0304', '0705.0734', '0706.0585', '0707.0808', '0707.3781', '0708.1150', '0708.1964', '0709.0116', '0709.1190', '0709.3...
         â”” <class 'tqdm.std.tqdm'>

  File "/opt/homebrew/lib/python3.14/site-packages/tqdm/std.py", line 1140, in __exit__
    self.close()
    â”‚    â”” <function tqdm.close at 0x10aa5c720>
    â”” <tqdm.std.tqdm object at 0x33912c1a0>
  File "/opt/homebrew/lib/python3.14/site-packages/tqdm/std.py", line 1302, in close
    self.display(pos=0)
    â”‚    â”” <function tqdm.display at 0x10aa5ceb0>
    â”” <tqdm.std.tqdm object at 0x33912c1a0>
  File "/opt/homebrew/lib/python3.14/site-packages/tqdm/std.py", line 1495, in display
    self.sp(self.__str__() if msg is None else msg)
    â”‚    â”‚  â”‚    â”‚            â”‚                â”” None
    â”‚    â”‚  â”‚    â”‚            â”” None
    â”‚    â”‚  â”‚    â”” <function tqdm.__str__ at 0x10aa5c3b0>
    â”‚    â”‚  â”” <tqdm.std.tqdm object at 0x33912c1a0>
    â”‚    â”” <function tqdm.status_printer.<locals>.print_status at 0x339126fb0>
    â”” <tqdm.std.tqdm object at 0x33912c1a0>
  File "/opt/homebrew/lib/python3.14/site-packages/tqdm/std.py", line 459, in print_status
    fp_write('\r' + s + (' ' * max(last_len[0] - len_s, 0)))
    â”‚               â”‚              â”‚             â”” 66
    â”‚               â”‚              â”” [58]
    â”‚               â”” 'Processing papers:   0%|          | 1/200 [00:11<37:11, 11.21s/it]'
    â”” <function tqdm.status_printer.<locals>.fp_write at 0x3391266c0>
  File "/opt/homebrew/lib/python3.14/site-packages/tqdm/std.py", line 452, in fp_write
    fp.write(str(s))
    â”‚  â”‚         â”” '\rProcessing papers:   0%|          | 1/200 [00:11<37:11, 11.21s/it]'
    â”‚  â”” <function DisableOnWriteError.disable_on_exception.<locals>.inner at 0x3390a87d0>
    â”” <tqdm.utils.DisableOnWriteError object at 0x33912e120>
  File "/opt/homebrew/lib/python3.14/site-packages/tqdm/utils.py", line 196, in inner
    return func(*args, **kwargs)
           â”‚     â”‚       â”” {}
           â”‚     â”” ('\rProcessing papers:   0%|          | 1/200 [00:11<37:11, 11.21s/it]',)
           â”” <built-in method write of _io.TextIOWrapper object at 0x104e77e60>

BrokenPipeError: [Errno 32] Broken pipe
2026-01-10 16:23:21 | INFO     | __main__:main:94 - ============================================================
2026-01-10 16:23:21 | INFO     | __main__:main:95 - Starting RAG Pipeline
2026-01-10 16:23:21 | INFO     | __main__:main:96 - ============================================================
2026-01-10 16:23:21 | INFO     | src.core.memory_optimizer:setup_ram_disk:88 - Using /tmp for fast cache storage: /tmp/arxiv_rag_ramdisk
2026-01-10 16:23:21 | INFO     | src.core.pipeline:__init__:62 - Memory optimization enabled. RAM disk: /tmp/arxiv_rag_ramdisk
2026-01-10 16:23:21 | INFO     | src.core.memory_optimizer:optimize_worker_memory:136 - Optimized embedding batch size: 1024 -> 256
2026-01-10 16:23:21 | INFO     | src.core.pipeline:__init__:70 - Memory stats: 39.1GB available (30.6% free)
2026-01-10 16:23:21 | INFO     | src.core.memory_optimizer:recommend_worker_count:202 - Memory-based worker recommendation: 12 workers
2026-01-10 16:23:21 | INFO     | src.core.memory_optimizer:recommend_worker_count:203 -   - Available RAM: 39.1GB
2026-01-10 16:23:21 | INFO     | src.core.memory_optimizer:recommend_worker_count:204 -   - Memory per worker: ~2.5GB
2026-01-10 16:23:21 | INFO     | src.core.memory_optimizer:recommend_worker_count:205 -   - CPU cores: 16
2026-01-10 16:23:21 | INFO     | src.core.pipeline:__init__:77 - ðŸ’¡ Memory-based recommendation: 12 workers (current: 24)
2026-01-10 16:23:21 | INFO     | src.core.pipeline:__init__:78 -    Consider updating num_workers in config.yaml if you want to use more RAM
2026-01-10 16:23:21 | INFO     | src.core.memory_optimizer:get_cache_directory:115 - Using /tmp cache: /tmp/arxiv_rag_cache
2026-01-10 16:23:23 | INFO     | src.processors.text_processor:__init__:652 - Loaded model for semantic chunking: sentence-transformers/all-MiniLM-L6-v2 on mps (requested: mps)
2026-01-10 16:23:23 | WARNING  | src.core.pipeline:__init__:194 - Advanced optimizer setup failed: No module named 'aiofiles'. Continuing without it.
2026-01-10 16:23:23 | INFO     | src.core.pipeline:__init__:196 - RAG Pipeline initialized
2026-01-10 16:23:23 | INFO     | __main__:main:128 - Limiting to 200 papers
2026-01-10 16:23:23 | INFO     | __main__:main:130 - Processing 200 papers
2026-01-10 16:23:23 | INFO     | src.core.pipeline:process_batch:617 - Checking 200 papers for already processed status...
2026-01-10 16:23:37 | INFO     | src.core.pipeline:process_batch:1236 - Batch processing complete: 0 successful, 200 failed
2026-01-10 16:23:37 | INFO     | __main__:main:141 - ============================================================
2026-01-10 16:23:37 | INFO     | __main__:main:142 - Processing Complete
2026-01-10 16:23:37 | INFO     | __main__:main:143 - ============================================================
2026-01-10 16:23:37 | INFO     | __main__:main:144 - Total papers: 200
2026-01-10 16:23:37 | INFO     | __main__:main:145 - Successful: 0
2026-01-10 16:23:37 | INFO     | __main__:main:146 - Failed: 200
2026-01-10 16:23:37 | WARNING  | __main__:main:149 - Errors encountered: 200
2026-01-10 16:23:37 | WARNING  | __main__:main:151 -   0704.0304: cannot access local variable 'time' where it is not associated with a value
2026-01-10 16:23:37 | WARNING  | __main__:main:151 -   0705.0734: cannot access local variable 'time' where it is not associated with a value
2026-01-10 16:23:37 | WARNING  | __main__:main:151 -   0707.0808: cannot access local variable 'time' where it is not associated with a value
2026-01-10 16:23:37 | WARNING  | __main__:main:151 -   0707.3781: cannot access local variable 'time' where it is not associated with a value
2026-01-10 16:23:37 | WARNING  | __main__:main:151 -   0708.1150: cannot access local variable 'time' where it is not associated with a value
2026-01-10 16:23:37 | WARNING  | __main__:main:151 -   0708.1964: cannot access local variable 'time' where it is not associated with a value
2026-01-10 16:23:37 | WARNING  | __main__:main:151 -   0709.0116: cannot access local variable 'time' where it is not associated with a value
2026-01-10 16:23:37 | WARNING  | __main__:main:151 -   0709.1190: cannot access local variable 'time' where it is not associated with a value
2026-01-10 16:23:37 | WARNING  | __main__:main:151 -   0706.0585: cannot access local variable 'time' where it is not associated with a value
2026-01-10 16:23:37 | WARNING  | __main__:main:151 -   0709.3974: cannot access local variable 'time' where it is not associated with a value
2026-01-10 16:23:37 | INFO     | __main__:main:155 - ============================================================
2026-01-10 16:23:37 | INFO     | __main__:main:156 - Vector Store Statistics
2026-01-10 16:23:37 | INFO     | __main__:main:157 - ============================================================
2026-01-10 16:23:37 | INFO     | __main__:main:159 - vector_store: {}
2026-01-10 16:23:37 | INFO     | __main__:main:159 - processed_papers: 0
2026-01-10 16:23:37 | INFO     | __main__:main:159 - extracted_text_dir: /Volumes/8SSD/arxiv-rag/shunks/output
2026-01-10 16:23:37 | INFO     | __main__:main:159 - progress: {'success': 0, 'failed': 200, 'total_processed': 200}
2026-01-10 16:24:35 | INFO     | __main__:main:94 - ============================================================
2026-01-10 16:24:35 | INFO     | __main__:main:95 - Starting RAG Pipeline
2026-01-10 16:24:35 | INFO     | __main__:main:96 - ============================================================
2026-01-10 16:24:35 | INFO     | src.core.memory_optimizer:setup_ram_disk:88 - Using /tmp for fast cache storage: /tmp/arxiv_rag_ramdisk
2026-01-10 16:24:35 | INFO     | src.core.pipeline:__init__:62 - Memory optimization enabled. RAM disk: /tmp/arxiv_rag_ramdisk
2026-01-10 16:24:35 | INFO     | src.core.memory_optimizer:optimize_worker_memory:136 - Optimized embedding batch size: 1024 -> 256
2026-01-10 16:24:35 | INFO     | src.core.pipeline:__init__:70 - Memory stats: 38.2GB available (29.8% free)
2026-01-10 16:24:35 | INFO     | src.core.memory_optimizer:recommend_worker_count:202 - Memory-based worker recommendation: 12 workers
2026-01-10 16:24:35 | INFO     | src.core.memory_optimizer:recommend_worker_count:203 -   - Available RAM: 38.2GB
2026-01-10 16:24:35 | INFO     | src.core.memory_optimizer:recommend_worker_count:204 -   - Memory per worker: ~2.5GB
2026-01-10 16:24:35 | INFO     | src.core.memory_optimizer:recommend_worker_count:205 -   - CPU cores: 16
2026-01-10 16:24:35 | INFO     | src.core.pipeline:__init__:77 - ðŸ’¡ Memory-based recommendation: 12 workers (current: 24)
2026-01-10 16:24:35 | INFO     | src.core.pipeline:__init__:78 -    Consider updating num_workers in config.yaml if you want to use more RAM
2026-01-10 16:24:35 | INFO     | src.core.memory_optimizer:get_cache_directory:115 - Using /tmp cache: /tmp/arxiv_rag_cache
2026-01-10 16:24:38 | INFO     | src.processors.text_processor:__init__:652 - Loaded model for semantic chunking: sentence-transformers/all-MiniLM-L6-v2 on mps (requested: mps)
2026-01-10 16:24:38 | WARNING  | src.core.pipeline:__init__:194 - Advanced optimizer setup failed: No module named 'aiofiles'. Continuing without it.
2026-01-10 16:24:38 | INFO     | src.core.pipeline:__init__:196 - RAG Pipeline initialized
2026-01-10 16:24:38 | INFO     | __main__:main:128 - Limiting to 200 papers
2026-01-10 16:24:38 | INFO     | __main__:main:130 - Processing 200 papers
2026-01-10 16:24:38 | INFO     | src.core.pipeline:process_batch:617 - Checking 200 papers for already processed status...
2026-01-10 16:24:48 | ERROR    | __main__:main:165 - Pipeline failed: [Errno 32] Broken pipe
Traceback (most recent call last):

  File "/Volumes/8SSD/arxiv-rag/shunks/src/core/pipeline.py", line 1156, in process_batch
    pbar.update(1)
    â”‚    â”” <function tqdm.update at 0x107af85c0>
    â”” <tqdm.std.tqdm object at 0x382743e00>

  File "/opt/homebrew/lib/python3.14/site-packages/tqdm/std.py", line 1242, in update
    self.refresh(lock_args=self.lock_args)
    â”‚    â”‚                 â”‚    â”” None
    â”‚    â”‚                 â”” <tqdm.std.tqdm object at 0x382743e00>
    â”‚    â”” <function tqdm.refresh at 0x107af87d0>
    â”” <tqdm.std.tqdm object at 0x382743e00>
  File "/opt/homebrew/lib/python3.14/site-packages/tqdm/std.py", line 1347, in refresh
    self.display()
    â”‚    â”” <function tqdm.display at 0x107af8e00>
    â”” <tqdm.std.tqdm object at 0x382743e00>
  File "/opt/homebrew/lib/python3.14/site-packages/tqdm/std.py", line 1495, in display
    self.sp(self.__str__() if msg is None else msg)
    â”‚    â”‚  â”‚    â”‚            â”‚                â”” None
    â”‚    â”‚  â”‚    â”‚            â”” None
    â”‚    â”‚  â”‚    â”” <function tqdm.__str__ at 0x107af8300>
    â”‚    â”‚  â”” <tqdm.std.tqdm object at 0x382743e00>
    â”‚    â”” <function tqdm.status_printer.<locals>.print_status at 0x3828b2c40>
    â”” <tqdm.std.tqdm object at 0x382743e00>
  File "/opt/homebrew/lib/python3.14/site-packages/tqdm/std.py", line 459, in print_status
    fp_write('\r' + s + (' ' * max(last_len[0] - len_s, 0)))
    â”‚               â”‚              â”‚             â”” 66
    â”‚               â”‚              â”” [58]
    â”‚               â”” 'Processing papers:   0%|          | 1/200 [00:08<28:05,  8.47s/it]'
    â”” <function tqdm.status_printer.<locals>.fp_write at 0x3828b2400>
  File "/opt/homebrew/lib/python3.14/site-packages/tqdm/std.py", line 452, in fp_write
    fp.write(str(s))
    â”‚  â”‚         â”” '\rProcessing papers:   0%|          | 1/200 [00:08<28:05,  8.47s/it]'
    â”‚  â”” <function DisableOnWriteError.disable_on_exception.<locals>.inner at 0x3827b7ed0>
    â”” <tqdm.utils.DisableOnWriteError object at 0x3828e1e80>
  File "/opt/homebrew/lib/python3.14/site-packages/tqdm/utils.py", line 196, in inner
    return func(*args, **kwargs)
           â”‚     â”‚       â”” {}
           â”‚     â”” ('\rProcessing papers:   0%|          | 1/200 [00:08<28:05,  8.47s/it]',)
           â”” <built-in method write of _io.TextIOWrapper object at 0x100b67e60>

BrokenPipeError: [Errno 32] Broken pipe


During handling of the above exception, another exception occurred:


Traceback (most recent call last):

  File "/Volumes/8SSD/arxiv-rag/shunks/run.py", line 170, in <module>
    main()
    â”” <function main at 0x1079c7ab0>

> File "/Volumes/8SSD/arxiv-rag/shunks/run.py", line 133, in main
    results = pipeline.process_batch(
              â”‚        â”” <function RAGPipeline.process_batch at 0x3827b6560>
              â”” <src.core.pipeline.RAGPipeline object at 0x1037d0ad0>

  File "/Volumes/8SSD/arxiv-rag/shunks/src/core/pipeline.py", line 833, in process_batch
    with tqdm(total=len(paper_ids), desc="Processing papers") as pbar:
         â”‚              â”‚                                        â”” <tqdm.std.tqdm object at 0x382743e00>
         â”‚              â”” ['0704.0304', '0705.0734', '0706.0585', '0707.0808', '0707.3781', '0708.1150', '0708.1964', '0709.0116', '0709.1190', '0709.3...
         â”” <class 'tqdm.std.tqdm'>

  File "/opt/homebrew/lib/python3.14/site-packages/tqdm/std.py", line 1140, in __exit__
    self.close()
    â”‚    â”” <function tqdm.close at 0x107af8670>
    â”” <tqdm.std.tqdm object at 0x382743e00>
  File "/opt/homebrew/lib/python3.14/site-packages/tqdm/std.py", line 1302, in close
    self.display(pos=0)
    â”‚    â”” <function tqdm.display at 0x107af8e00>
    â”” <tqdm.std.tqdm object at 0x382743e00>
  File "/opt/homebrew/lib/python3.14/site-packages/tqdm/std.py", line 1495, in display
    self.sp(self.__str__() if msg is None else msg)
    â”‚    â”‚  â”‚    â”‚            â”‚                â”” None
    â”‚    â”‚  â”‚    â”‚            â”” None
    â”‚    â”‚  â”‚    â”” <function tqdm.__str__ at 0x107af8300>
    â”‚    â”‚  â”” <tqdm.std.tqdm object at 0x382743e00>
    â”‚    â”” <function tqdm.status_printer.<locals>.print_status at 0x3828b2c40>
    â”” <tqdm.std.tqdm object at 0x382743e00>
  File "/opt/homebrew/lib/python3.14/site-packages/tqdm/std.py", line 459, in print_status
    fp_write('\r' + s + (' ' * max(last_len[0] - len_s, 0)))
    â”‚               â”‚              â”‚             â”” 66
    â”‚               â”‚              â”” [58]
    â”‚               â”” 'Processing papers:   0%|          | 1/200 [00:10<34:37, 10.44s/it]'
    â”” <function tqdm.status_printer.<locals>.fp_write at 0x3828b2400>
  File "/opt/homebrew/lib/python3.14/site-packages/tqdm/std.py", line 452, in fp_write
    fp.write(str(s))
    â”‚  â”‚         â”” '\rProcessing papers:   0%|          | 1/200 [00:10<34:37, 10.44s/it]'
    â”‚  â”” <function DisableOnWriteError.disable_on_exception.<locals>.inner at 0x3827b7ed0>
    â”” <tqdm.utils.DisableOnWriteError object at 0x3828e1e80>
  File "/opt/homebrew/lib/python3.14/site-packages/tqdm/utils.py", line 196, in inner
    return func(*args, **kwargs)
           â”‚     â”‚       â”” {}
           â”‚     â”” ('\rProcessing papers:   0%|          | 1/200 [00:10<34:37, 10.44s/it]',)
           â”” <built-in method write of _io.TextIOWrapper object at 0x100b67e60>

BrokenPipeError: [Errno 32] Broken pipe
2026-01-10 16:26:19 | INFO     | __main__:main:94 - ============================================================
2026-01-10 16:26:19 | INFO     | __main__:main:95 - Starting RAG Pipeline
2026-01-10 16:26:19 | INFO     | __main__:main:96 - ============================================================
2026-01-10 16:26:19 | INFO     | src.core.memory_optimizer:setup_ram_disk:88 - Using /tmp for fast cache storage: /tmp/arxiv_rag_ramdisk
2026-01-10 16:26:19 | INFO     | src.core.pipeline:__init__:62 - Memory optimization enabled. RAM disk: /tmp/arxiv_rag_ramdisk
2026-01-10 16:26:19 | INFO     | src.core.memory_optimizer:optimize_worker_memory:136 - Optimized embedding batch size: 1024 -> 256
2026-01-10 16:26:19 | INFO     | src.core.pipeline:__init__:70 - Memory stats: 38.3GB available (29.9% free)
2026-01-10 16:26:19 | INFO     | src.core.memory_optimizer:recommend_worker_count:202 - Memory-based worker recommendation: 12 workers
2026-01-10 16:26:19 | INFO     | src.core.memory_optimizer:recommend_worker_count:203 -   - Available RAM: 38.3GB
2026-01-10 16:26:19 | INFO     | src.core.memory_optimizer:recommend_worker_count:204 -   - Memory per worker: ~2.5GB
2026-01-10 16:26:19 | INFO     | src.core.memory_optimizer:recommend_worker_count:205 -   - CPU cores: 16
2026-01-10 16:26:19 | INFO     | src.core.pipeline:__init__:77 - ðŸ’¡ Memory-based recommendation: 12 workers (current: 24)
2026-01-10 16:26:19 | INFO     | src.core.pipeline:__init__:78 -    Consider updating num_workers in config.yaml if you want to use more RAM
2026-01-10 16:26:19 | INFO     | src.core.memory_optimizer:get_cache_directory:115 - Using /tmp cache: /tmp/arxiv_rag_cache
2026-01-10 16:26:22 | INFO     | src.processors.text_processor:__init__:652 - Loaded model for semantic chunking: sentence-transformers/all-MiniLM-L6-v2 on mps (requested: mps)
2026-01-10 16:26:22 | WARNING  | src.core.pipeline:__init__:194 - Advanced optimizer setup failed: No module named 'aiofiles'. Continuing without it.
2026-01-10 16:26:22 | INFO     | src.core.pipeline:__init__:196 - RAG Pipeline initialized
2026-01-10 16:26:22 | INFO     | __main__:main:128 - Limiting to 200 papers
2026-01-10 16:26:22 | INFO     | __main__:main:130 - Processing 200 papers
2026-01-10 16:26:22 | INFO     | src.core.pipeline:process_batch:617 - Checking 200 papers for already processed status...
2026-01-10 16:26:33 | INFO     | src.core.pipeline:process_batch:1236 - Batch processing complete: 0 successful, 200 failed
2026-01-10 16:26:33 | INFO     | __main__:main:141 - ============================================================
2026-01-10 16:26:33 | INFO     | __main__:main:142 - Processing Complete
2026-01-10 16:26:33 | INFO     | __main__:main:143 - ============================================================
2026-01-10 16:26:33 | INFO     | __main__:main:144 - Total papers: 200
2026-01-10 16:26:33 | INFO     | __main__:main:145 - Successful: 0
2026-01-10 16:26:33 | INFO     | __main__:main:146 - Failed: 200
2026-01-10 16:26:33 | WARNING  | __main__:main:149 - Errors encountered: 200
2026-01-10 16:26:33 | WARNING  | __main__:main:151 -   0705.0734: cannot access local variable 'time' where it is not associated with a value
2026-01-10 16:26:33 | WARNING  | __main__:main:151 -   0706.0585: cannot access local variable 'time' where it is not associated with a value
2026-01-10 16:26:33 | WARNING  | __main__:main:151 -   0707.0808: cannot access local variable 'time' where it is not associated with a value
2026-01-10 16:26:33 | WARNING  | __main__:main:151 -   0707.3781: cannot access local variable 'time' where it is not associated with a value
2026-01-10 16:26:33 | WARNING  | __main__:main:151 -   0704.0304: cannot access local variable 'time' where it is not associated with a value
2026-01-10 16:26:33 | WARNING  | __main__:main:151 -   0708.1964: cannot access local variable 'time' where it is not associated with a value
2026-01-10 16:26:33 | WARNING  | __main__:main:151 -   0708.1150: cannot access local variable 'time' where it is not associated with a value
2026-01-10 16:26:33 | WARNING  | __main__:main:151 -   0709.0116: cannot access local variable 'time' where it is not associated with a value
2026-01-10 16:26:33 | WARNING  | __main__:main:151 -   0709.1190: cannot access local variable 'time' where it is not associated with a value
2026-01-10 16:26:33 | WARNING  | __main__:main:151 -   0710.0009: cannot access local variable 'time' where it is not associated with a value
2026-01-10 16:26:33 | INFO     | __main__:main:155 - ============================================================
2026-01-10 16:26:33 | INFO     | __main__:main:156 - Vector Store Statistics
2026-01-10 16:26:33 | INFO     | __main__:main:157 - ============================================================
2026-01-10 16:26:33 | INFO     | __main__:main:159 - vector_store: {}
2026-01-10 16:26:33 | INFO     | __main__:main:159 - processed_papers: 0
2026-01-10 16:26:33 | INFO     | __main__:main:159 - extracted_text_dir: /Volumes/8SSD/arxiv-rag/shunks/output
2026-01-10 16:26:33 | INFO     | __main__:main:159 - progress: {'success': 0, 'failed': 200, 'total_processed': 200}
2026-01-10 16:26:45 | INFO     | __main__:main:94 - ============================================================
2026-01-10 16:26:45 | INFO     | __main__:main:95 - Starting RAG Pipeline
2026-01-10 16:26:45 | INFO     | __main__:main:96 - ============================================================
2026-01-10 16:26:45 | INFO     | src.core.memory_optimizer:setup_ram_disk:88 - Using /tmp for fast cache storage: /tmp/arxiv_rag_ramdisk
2026-01-10 16:26:45 | INFO     | src.core.pipeline:__init__:62 - Memory optimization enabled. RAM disk: /tmp/arxiv_rag_ramdisk
2026-01-10 16:26:45 | INFO     | src.core.memory_optimizer:optimize_worker_memory:136 - Optimized embedding batch size: 1024 -> 256
2026-01-10 16:26:45 | INFO     | src.core.pipeline:__init__:70 - Memory stats: 39.3GB available (30.7% free)
2026-01-10 16:26:45 | INFO     | src.core.memory_optimizer:recommend_worker_count:202 - Memory-based worker recommendation: 12 workers
2026-01-10 16:26:45 | INFO     | src.core.memory_optimizer:recommend_worker_count:203 -   - Available RAM: 39.3GB
2026-01-10 16:26:45 | INFO     | src.core.memory_optimizer:recommend_worker_count:204 -   - Memory per worker: ~2.5GB
2026-01-10 16:26:45 | INFO     | src.core.memory_optimizer:recommend_worker_count:205 -   - CPU cores: 16
2026-01-10 16:26:45 | INFO     | src.core.pipeline:__init__:77 - ðŸ’¡ Memory-based recommendation: 12 workers (current: 24)
2026-01-10 16:26:45 | INFO     | src.core.pipeline:__init__:78 -    Consider updating num_workers in config.yaml if you want to use more RAM
2026-01-10 16:26:45 | INFO     | src.core.memory_optimizer:get_cache_directory:115 - Using /tmp cache: /tmp/arxiv_rag_cache
2026-01-10 16:26:48 | INFO     | src.processors.text_processor:__init__:652 - Loaded model for semantic chunking: sentence-transformers/all-MiniLM-L6-v2 on mps (requested: mps)
2026-01-10 16:26:48 | WARNING  | src.core.pipeline:__init__:194 - Advanced optimizer setup failed: No module named 'aiofiles'. Continuing without it.
2026-01-10 16:26:48 | INFO     | src.core.pipeline:__init__:196 - RAG Pipeline initialized
2026-01-10 16:26:48 | INFO     | __main__:main:128 - Limiting to 5 papers
2026-01-10 16:26:48 | INFO     | __main__:main:130 - Processing 5 papers
2026-01-10 16:26:48 | INFO     | src.core.pipeline:process_batch:617 - Checking 5 papers for already processed status...
2026-01-10 16:26:53 | ERROR    | __main__:main:165 - Pipeline failed: [Errno 32] Broken pipe
Traceback (most recent call last):

  File "/Volumes/8SSD/arxiv-rag/shunks/run.py", line 170, in <module>
    main()
    â”” <function main at 0x104b7bab0>

> File "/Volumes/8SSD/arxiv-rag/shunks/run.py", line 133, in main
    results = pipeline.process_batch(
              â”‚        â”” <function RAGPipeline.process_batch at 0x14a0a9c70>
              â”” <src.core.pipeline.RAGPipeline object at 0x1048d0ad0>

  File "/Volumes/8SSD/arxiv-rag/shunks/src/core/pipeline.py", line 833, in process_batch
    with tqdm(total=len(paper_ids), desc="Processing papers") as pbar:
         â”‚              â”‚                                        â”” <tqdm.std.tqdm object at 0x14a03fe00>
         â”‚              â”” ['0704.0304', '0705.0734', '0706.0585', '0707.0808', '0707.3781']
         â”” <class 'tqdm.std.tqdm'>

  File "/opt/homebrew/lib/python3.14/site-packages/tqdm/std.py", line 1140, in __exit__
    self.close()
    â”‚    â”” <function tqdm.close at 0x1051fc670>
    â”” <tqdm.std.tqdm object at 0x14a03fe00>
  File "/opt/homebrew/lib/python3.14/site-packages/tqdm/std.py", line 1302, in close
    self.display(pos=0)
    â”‚    â”” <function tqdm.display at 0x1051fce00>
    â”” <tqdm.std.tqdm object at 0x14a03fe00>
  File "/opt/homebrew/lib/python3.14/site-packages/tqdm/std.py", line 1495, in display
    self.sp(self.__str__() if msg is None else msg)
    â”‚    â”‚  â”‚    â”‚            â”‚                â”” None
    â”‚    â”‚  â”‚    â”‚            â”” None
    â”‚    â”‚  â”‚    â”” <function tqdm.__str__ at 0x1051fc300>
    â”‚    â”‚  â”” <tqdm.std.tqdm object at 0x14a03fe00>
    â”‚    â”” <function tqdm.status_printer.<locals>.print_status at 0x14e0ba350>
    â”” <tqdm.std.tqdm object at 0x14a03fe00>
  File "/opt/homebrew/lib/python3.14/site-packages/tqdm/std.py", line 459, in print_status
    fp_write('\r' + s + (' ' * max(last_len[0] - len_s, 0)))
    â”‚               â”‚              â”‚             â”” 64
    â”‚               â”‚              â”” [64]
    â”‚               â”” 'Processing papers: 100%|â–ˆâ–ˆâ–ˆâ–ˆâ–ˆâ–ˆâ–ˆâ–ˆâ–ˆâ–ˆ| 5/5 [00:05<00:00,  1.01s/it]'
    â”” <function tqdm.status_printer.<locals>.fp_write at 0x14e0b9b10>
  File "/opt/homebrew/lib/python3.14/site-packages/tqdm/std.py", line 452, in fp_write
    fp.write(str(s))
    â”‚  â”‚         â”” '\rProcessing papers: 100%|â–ˆâ–ˆâ–ˆâ–ˆâ–ˆâ–ˆâ–ˆâ–ˆâ–ˆâ–ˆ| 5/5 [00:05<00:00,  1.01s/it]'
    â”‚  â”” <function DisableOnWriteError.disable_on_exception.<locals>.inner at 0x14a0b3c10>
    â”” <tqdm.utils.DisableOnWriteError object at 0x14e0d1d30>
  File "/opt/homebrew/lib/python3.14/site-packages/tqdm/utils.py", line 196, in inner
    return func(*args, **kwargs)
           â”‚     â”‚       â”” {}
           â”‚     â”” ('\rProcessing papers: 100%|â–ˆâ–ˆâ–ˆâ–ˆâ–ˆâ–ˆâ–ˆâ–ˆâ–ˆâ–ˆ| 5/5 [00:05<00:00,  1.01s/it]',)
           â”” <built-in method write of _io.TextIOWrapper object at 0x100a53e60>

BrokenPipeError: [Errno 32] Broken pipe
2026-01-10 16:28:46 | INFO     | __main__:main:94 - ============================================================
2026-01-10 16:28:46 | INFO     | __main__:main:95 - Starting RAG Pipeline
2026-01-10 16:28:46 | INFO     | __main__:main:96 - ============================================================
2026-01-10 16:28:46 | INFO     | src.core.memory_optimizer:setup_ram_disk:88 - Using /tmp for fast cache storage: /tmp/arxiv_rag_ramdisk
2026-01-10 16:28:46 | INFO     | src.core.pipeline:__init__:62 - Memory optimization enabled. RAM disk: /tmp/arxiv_rag_ramdisk
2026-01-10 16:28:46 | INFO     | src.core.memory_optimizer:optimize_worker_memory:136 - Optimized embedding batch size: 1024 -> 256
2026-01-10 16:28:46 | INFO     | src.core.pipeline:__init__:70 - Memory stats: 39.4GB available (30.8% free)
2026-01-10 16:28:46 | INFO     | src.core.memory_optimizer:recommend_worker_count:202 - Memory-based worker recommendation: 12 workers
2026-01-10 16:28:46 | INFO     | src.core.memory_optimizer:recommend_worker_count:203 -   - Available RAM: 39.4GB
2026-01-10 16:28:46 | INFO     | src.core.memory_optimizer:recommend_worker_count:204 -   - Memory per worker: ~2.5GB
2026-01-10 16:28:46 | INFO     | src.core.memory_optimizer:recommend_worker_count:205 -   - CPU cores: 16
2026-01-10 16:28:46 | INFO     | src.core.pipeline:__init__:77 - ðŸ’¡ Memory-based recommendation: 12 workers (current: 24)
2026-01-10 16:28:46 | INFO     | src.core.pipeline:__init__:78 -    Consider updating num_workers in config.yaml if you want to use more RAM
2026-01-10 16:28:46 | INFO     | src.core.memory_optimizer:get_cache_directory:115 - Using /tmp cache: /tmp/arxiv_rag_cache
2026-01-10 16:28:48 | INFO     | src.processors.text_processor:__init__:652 - Loaded model for semantic chunking: sentence-transformers/all-MiniLM-L6-v2 on mps (requested: mps)
2026-01-10 16:28:49 | WARNING  | src.core.pipeline:__init__:194 - Advanced optimizer setup failed: No module named 'aiofiles'. Continuing without it.
2026-01-10 16:28:49 | INFO     | src.core.pipeline:__init__:196 - RAG Pipeline initialized
2026-01-10 16:28:49 | INFO     | __main__:main:128 - Limiting to 10 papers
2026-01-10 16:28:49 | INFO     | __main__:main:130 - Processing 10 papers
2026-01-10 16:28:49 | INFO     | src.core.pipeline:process_batch:617 - Checking 10 papers for already processed status...
2026-01-10 16:29:01 | INFO     | src.core.pipeline:process_batch:1236 - Batch processing complete: 10 successful, 0 failed
2026-01-10 16:29:01 | INFO     | __main__:main:141 - ============================================================
2026-01-10 16:29:01 | INFO     | __main__:main:142 - Processing Complete
2026-01-10 16:29:01 | INFO     | __main__:main:143 - ============================================================
2026-01-10 16:29:01 | INFO     | __main__:main:144 - Total papers: 10
2026-01-10 16:29:01 | INFO     | __main__:main:145 - Successful: 10
2026-01-10 16:29:01 | INFO     | __main__:main:146 - Failed: 0
2026-01-10 16:29:01 | INFO     | __main__:main:155 - ============================================================
2026-01-10 16:29:01 | INFO     | __main__:main:156 - Vector Store Statistics
2026-01-10 16:29:01 | INFO     | __main__:main:157 - ============================================================
2026-01-10 16:29:01 | INFO     | __main__:main:159 - vector_store: {}
2026-01-10 16:29:01 | INFO     | __main__:main:159 - processed_papers: 20
2026-01-10 16:29:01 | INFO     | __main__:main:159 - extracted_text_dir: /Volumes/8SSD/arxiv-rag/shunks/output
2026-01-10 16:29:01 | INFO     | __main__:main:159 - progress: {'success': 10, 'failed': 0, 'total_processed': 10}
2026-01-10 16:29:24 | INFO     | __main__:main:94 - ============================================================
2026-01-10 16:29:24 | INFO     | __main__:main:95 - Starting RAG Pipeline
2026-01-10 16:29:24 | INFO     | __main__:main:96 - ============================================================
2026-01-10 16:29:24 | INFO     | src.core.memory_optimizer:setup_ram_disk:88 - Using /tmp for fast cache storage: /tmp/arxiv_rag_ramdisk
2026-01-10 16:29:24 | INFO     | src.core.pipeline:__init__:62 - Memory optimization enabled. RAM disk: /tmp/arxiv_rag_ramdisk
2026-01-10 16:29:24 | INFO     | src.core.memory_optimizer:optimize_worker_memory:136 - Optimized embedding batch size: 1024 -> 256
2026-01-10 16:29:24 | INFO     | src.core.pipeline:__init__:70 - Memory stats: 39.1GB available (30.5% free)
2026-01-10 16:29:24 | INFO     | src.core.memory_optimizer:recommend_worker_count:202 - Memory-based worker recommendation: 12 workers
2026-01-10 16:29:24 | INFO     | src.core.memory_optimizer:recommend_worker_count:203 -   - Available RAM: 39.1GB
2026-01-10 16:29:24 | INFO     | src.core.memory_optimizer:recommend_worker_count:204 -   - Memory per worker: ~2.5GB
2026-01-10 16:29:24 | INFO     | src.core.memory_optimizer:recommend_worker_count:205 -   - CPU cores: 16
2026-01-10 16:29:24 | INFO     | src.core.pipeline:__init__:77 - ðŸ’¡ Memory-based recommendation: 12 workers (current: 24)
2026-01-10 16:29:24 | INFO     | src.core.pipeline:__init__:78 -    Consider updating num_workers in config.yaml if you want to use more RAM
2026-01-10 16:29:24 | INFO     | src.core.memory_optimizer:get_cache_directory:115 - Using /tmp cache: /tmp/arxiv_rag_cache
2026-01-10 16:29:27 | INFO     | src.processors.text_processor:__init__:652 - Loaded model for semantic chunking: sentence-transformers/all-MiniLM-L6-v2 on mps (requested: mps)
2026-01-10 16:29:27 | WARNING  | src.core.pipeline:__init__:194 - Advanced optimizer setup failed: No module named 'aiofiles'. Continuing without it.
2026-01-10 16:29:27 | INFO     | src.core.pipeline:__init__:196 - RAG Pipeline initialized
2026-01-10 16:29:27 | INFO     | __main__:main:128 - Limiting to 200 papers
2026-01-10 16:29:27 | INFO     | __main__:main:130 - Processing 200 papers
2026-01-10 16:29:27 | INFO     | src.core.pipeline:process_batch:617 - Checking 200 papers for already processed status...
2026-01-10 16:29:27 | INFO     | src.core.pipeline:process_batch:721 - Skipping 10 already processed papers
2026-01-10 16:30:23 | INFO     | src.core.pipeline:process_batch:1236 - Batch processing complete: 190 successful, 0 failed
2026-01-10 16:30:23 | INFO     | __main__:main:141 - ============================================================
2026-01-10 16:30:23 | INFO     | __main__:main:142 - Processing Complete
2026-01-10 16:30:23 | INFO     | __main__:main:143 - ============================================================
2026-01-10 16:30:23 | INFO     | __main__:main:144 - Total papers: 190
2026-01-10 16:30:23 | INFO     | __main__:main:145 - Successful: 190
2026-01-10 16:30:23 | INFO     | __main__:main:146 - Failed: 0
2026-01-10 16:30:23 | INFO     | __main__:main:155 - ============================================================
2026-01-10 16:30:23 | INFO     | __main__:main:156 - Vector Store Statistics
2026-01-10 16:30:23 | INFO     | __main__:main:157 - ============================================================
2026-01-10 16:30:23 | INFO     | __main__:main:159 - vector_store: {}
2026-01-10 16:30:23 | INFO     | __main__:main:159 - processed_papers: 400
2026-01-10 16:30:23 | INFO     | __main__:main:159 - extracted_text_dir: /Volumes/8SSD/arxiv-rag/shunks/output
2026-01-10 16:30:23 | INFO     | __main__:main:159 - progress: {'success': 190, 'failed': 0, 'total_processed': 190}
